<?xml version="1.0" encoding="UTF-8"?>
<!-- Generated by org.testng.reporters.JUnitReportReporter -->
<testsuite hostname="ATMECSINLT-601" failures="0" tests="1" name="com.atmecs.hibernate_db_demo.crud_op.AddEmployee" time="2.070" errors="0" timestamp="2020-10-20T15:04:08 IST" skipped="0">
  <testcase classname="com.atmecs.hibernate_db_demo.crud_op.AddEmployee" name="addEmployee" time="2.070"/>
  <system-out/>
</testsuite> <!-- com.atmecs.hibernate_db_demo.crud_op.AddEmployee -->
