<?xml version="1.0" encoding="UTF-8"?>
<!-- Generated by org.testng.reporters.JUnitReportReporter -->
<testsuite hostname="ATMECSINLT-601" failures="0" tests="1" name="com.atmecs.hibernate_demo.crud_op.DisplayRecord" time="2.035" errors="0" timestamp="2020-10-20T15:14:11 IST" skipped="0">
  <testcase classname="com.atmecs.hibernate_demo.crud_op.DisplayRecord" name="displayRecord" time="2.035"/>
  <system-out/>
</testsuite> <!-- com.atmecs.hibernate_demo.crud_op.DisplayRecord -->
