<?xml version="1.0" encoding="UTF-8"?>
<!-- Generated by org.testng.reporters.JUnitReportReporter -->
<testsuite hostname="ATMECSINLT-601" failures="0" tests="1" name="com.atmecs.hibernate_db_demo.test.EmployeeDetails" time="79.672" errors="0" timestamp="2020-10-22T13:50:49 IST" skipped="0">
  <testcase classname="com.atmecs.hibernate_db_demo.test.EmployeeDetails" name="employee_details" time="79.672"/>
  <system-out/>
</testsuite> <!-- com.atmecs.hibernate_db_demo.test.EmployeeDetails -->
